<?xml version="1.0" encoding="UTF-8"?>
<!-- Generated by org.testng.reporters.JUnitXMLReporter -->
<testsuite ignored="0" hostname="Lenovo" failures="1" tests="7" name="EdgeTest" time="356.182" errors="0" timestamp="2024-01-10T18:26:30 IST">
  <testcase classname="test.PraticeTest" name="searchProduct" time="9.902"/>
  <testcase classname="test.AddToCartTest" name="verifyIfUserIsAbleToAddProductToCartUsingQuickViewOption" time="3.118"/>
  <testcase classname="test.AddToCartTest" name="verifyIfUserIsAbleToAddMultipleProductToCartUsingQuickViewOption" time="5.811"/>
  <testcase classname="test.ProductDescriptionTest" name="verifyIfUserIsAbleToAddProductToCartUsingDescription" time="5.165"/>
  <testcase classname="test.verifyShoppingCategoriesTest" name="verifyIfUserIsAbleToAccessShoppingCategories" time="2.132"/>
  <testcase classname="test.verifySearchTab" name="verifyIfProdutsAreDisplayedOnValidSearch" time="2.365"/>
  <testcase classname="test.verifySearchTab" name="verifyIfProdutsAreNotDisplayedOnInvalidSearch" time="184.132">
    <failure type="org.openqa.selenium.TimeoutException" message="java.util.concurrent.TimeoutException
Build info: version: &amp;apos;4.15.0&amp;apos;, revision: &amp;apos;1d14b5521b&amp;apos;
System info: os.name: &amp;apos;Windows 10&amp;apos;, os.arch: &amp;apos;amd64&amp;apos;, os.version: &amp;apos;10.0&amp;apos;, java.version: &amp;apos;17.0.8&amp;apos;
Driver info: org.openqa.selenium.edge.EdgeDriver
Command: [d2a11e1d82541dc36cb4eaa89732bea7, findElements {using=xpath, value=//div[@class=&amp;apos;grid_Square &amp;apos;]}]
Capabilities {acceptInsecureCerts: false, browserName: MicrosoftEdge, browserVersion: 120.0.2210.121, fedcm:accounts: true, ms:edgeOptions: {debuggerAddress: localhost:61877}, msedge: {msedgedriverVersion: 120.0.2210.121 (6086ec26a02..., userDataDir: C:\Users\Rushi\AppData\Loca...}, networkConnectionEnabled: false, pageLoadStrategy: normal, platformName: windows, proxy: Proxy(), se:cdp: ws://localhost:61877/devtoo..., se:cdpVersion: 120.0.2210.121, setWindowRect: true, strictFileInteractability: false, timeouts: {implicit: 0, pageLoad: 300000, script: 30000}, unhandledPromptBehavior: dismiss and notify, webauthn:extension:credBlob: true, webauthn:extension:largeBlob: true, webauthn:extension:minPinLength: true, webauthn:extension:prf: true, webauthn:virtualAuthenticators: true}
Session ID: d2a11e1d82541dc36cb4eaa89732bea7">
      <![CDATA[org.openqa.selenium.TimeoutException: java.util.concurrent.TimeoutException
Build info: version: '4.15.0', revision: '1d14b5521b'
System info: os.name: 'Windows 10', os.arch: 'amd64', os.version: '10.0', java.version: '17.0.8'
Driver info: org.openqa.selenium.edge.EdgeDriver
Command: [d2a11e1d82541dc36cb4eaa89732bea7, findElements {using=xpath, value=//div[@class='grid_Square ']}]
Capabilities {acceptInsecureCerts: false, browserName: MicrosoftEdge, browserVersion: 120.0.2210.121, fedcm:accounts: true, ms:edgeOptions: {debuggerAddress: localhost:61877}, msedge: {msedgedriverVersion: 120.0.2210.121 (6086ec26a02..., userDataDir: C:\Users\Rushi\AppData\Loca...}, networkConnectionEnabled: false, pageLoadStrategy: normal, platformName: windows, proxy: Proxy(), se:cdp: ws://localhost:61877/devtoo..., se:cdpVersion: 120.0.2210.121, setWindowRect: true, strictFileInteractability: false, timeouts: {implicit: 0, pageLoad: 300000, script: 30000}, unhandledPromptBehavior: dismiss and notify, webauthn:extension:credBlob: true, webauthn:extension:largeBlob: true, webauthn:extension:minPinLength: true, webauthn:extension:prf: true, webauthn:virtualAuthenticators: true}
Session ID: d2a11e1d82541dc36cb4eaa89732bea7
at org.openqa.selenium.remote.http.jdk.JdkHttpClient.execute0(JdkHttpClient.java:410)
at org.openqa.selenium.remote.http.AddSeleniumUserAgent.lambda$apply$0(AddSeleniumUserAgent.java:42)
at org.openqa.selenium.remote.http.Filter.lambda$andFinally$1(Filter.java:55)
at org.openqa.selenium.remote.http.jdk.JdkHttpClient.execute(JdkHttpClient.java:366)
at org.openqa.selenium.remote.HttpCommandExecutor.execute(HttpCommandExecutor.java:188)
at org.openqa.selenium.remote.service.DriverCommandExecutor.invokeExecute(DriverCommandExecutor.java:200)
at org.openqa.selenium.remote.service.DriverCommandExecutor.execute(DriverCommandExecutor.java:175)
at org.openqa.selenium.remote.RemoteWebDriver.execute(RemoteWebDriver.java:607)
at org.openqa.selenium.remote.ElementLocation$ElementFinder$2.findElements(ElementLocation.java:182)
at org.openqa.selenium.remote.ElementLocation.findElements(ElementLocation.java:103)
at org.openqa.selenium.remote.RemoteWebDriver.findElements(RemoteWebDriver.java:377)
at org.openqa.selenium.remote.RemoteWebDriver.findElements(RemoteWebDriver.java:371)
at org.openqa.selenium.support.pagefactory.DefaultElementLocator.findElements(DefaultElementLocator.java:83)
at org.openqa.selenium.support.pagefactory.internal.LocatingElementListHandler.invoke(LocatingElementListHandler.java:36)
at jdk.proxy2/jdk.proxy2.$Proxy19.size(Unknown Source)
at pom.ProductResultPage.getNumberOfproducts(ProductResultPage.java:21)
at test.verifySearchTab.verifyIfProdutsAreNotDisplayedOnInvalidSearch(verifySearchTab.java:62)
at java.base/java.util.ArrayList.forEach(ArrayList.java:1511)
Caused by: java.util.concurrent.TimeoutException
at java.base/java.util.concurrent.CompletableFuture.timedGet(CompletableFuture.java:1960)
at java.base/java.util.concurrent.CompletableFuture.get(CompletableFuture.java:2095)
at org.openqa.selenium.remote.http.jdk.JdkHttpClient.execute0(JdkHttpClient.java:393)
... 44 more
... Removed 27 stack frames]]>
    </failure>
  </testcase> <!-- verifyIfProdutsAreNotDisplayedOnInvalidSearch -->
</testsuite> <!-- EdgeTest -->
